Build started 12/5/2013 8:38:43 PM.
     1>Project "C:\Users\Ujay\Documents\Visual Studio 2012\C++\Lab14\Lab14\Lab14.vcxproj" on node 2 (Build target(s)).
     1>ClCompile:
         C:\Program Files (x86)\Microsoft Visual Studio 12.0\VC\bin\CL.exe /c /ZI /nologo /W3 /WX- /sdl /Od /Oy- /D WIN32 /D _DEBUG /D _CONSOLE /D _LIB /D _UNICODE /D UNICODE /Gm /EHsc /RTC1 /MDd /GS /fp:precise /Zc:wchar_t /Zc:forScope /Fo"Debug\\" /Fd"Debug\vc120.pdb" /Gd /TP /analyze- /errorReport:prompt fft.cpp
         fft.cpp
     1>c:\program files (x86)\microsoft visual studio 12.0\vc\include\numeric(20): warning C4244: '=' : conversion from 'double' to 'int', possible loss of data
                 c:\program files (x86)\microsoft visual studio 12.0\vc\include\numeric(31) : see reference to function template instantiation '_Ty std::_Accumulate<double*,_Ty,_Fn2>(_InIt,_InIt,_Ty,_Fn2)' being compiled
                 with
                 [
                     _Ty=int
         ,            _Fn2=std::plus<void>
         ,            _InIt=double *
                 ]
                 c:\program files (x86)\microsoft visual studio 12.0\vc\include\numeric(39) : see reference to function template instantiation '_Ty std::accumulate<_InIt,_Ty,std::plus<void>>(_InIt,_InIt,_Ty,_Fn2)' being compiled
                 with
                 [
                     _Ty=int
         ,            _InIt=std::_Vector_iterator<std::_Vector_val<std::_Simple_types<double>>>
         ,            _Fn2=std::plus<void>
                 ]
                 c:\users\ujay\documents\visual studio 2012\c++\lab14\lab14\fft.cpp(78) : see reference to function template instantiation '_Ty std::accumulate<std::_Vector_iterator<std::_Vector_val<std::_Simple_types<double>>>,int>(_InIt,_InIt,_Ty)' being compiled
                 with
                 [
                     _Ty=int
         ,            _InIt=std::_Vector_iterator<std::_Vector_val<std::_Simple_types<double>>>
                 ]
       Link:
         C:\Program Files (x86)\Microsoft Visual Studio 12.0\VC\bin\link.exe /ERRORREPORT:PROMPT /OUT:"C:\Users\Ujay\Documents\Visual Studio 2012\C++\Lab14\Debug\Lab14.exe" /INCREMENTAL /NOLOGO kernel32.lib user32.lib gdi32.lib winspool.lib comdlg32.lib advapi32.lib shell32.lib ole32.lib oleaut32.lib uuid.lib odbc32.lib odbccp32.lib /MANIFEST /MANIFESTUAC:"level='asInvoker' uiAccess='false'" /manifest:embed /DEBUG /PDB:"C:\Users\Ujay\Documents\Visual Studio 2012\C++\Lab14\Debug\Lab14.pdb" /SUBSYSTEM:CONSOLE /TLBID:1 /DYNAMICBASE /NXCOMPAT /IMPLIB:"C:\Users\Ujay\Documents\Visual Studio 2012\C++\Lab14\Debug\Lab14.lib" /MACHINE:X86 Debug\fft.obj
         Lab14.vcxproj -> C:\Users\Ujay\Documents\Visual Studio 2012\C++\Lab14\Debug\Lab14.exe
     1>Done Building Project "C:\Users\Ujay\Documents\Visual Studio 2012\C++\Lab14\Lab14\Lab14.vcxproj" (Build target(s)).

Build succeeded.

Time Elapsed 00:00:01.59
